0 info it worked if it ends with ok
1 verbose cli [ '/usr/local/Cellar/nvm/0.33.2/versions/node/v6.10.3/bin/node',
1 verbose cli   '/usr/local/opt/nvm/versions/node/v6.10.3/bin/npm',
1 verbose cli   'run',
1 verbose cli   'storybook' ]
2 info using npm@3.10.10
3 info using node@v6.10.3
4 verbose run-script [ 'prestorybook', 'storybook', 'poststorybook' ]
5 info lifecycle apostrophe-storybook@1.0.0~prestorybook: apostrophe-storybook@1.0.0
6 silly lifecycle apostrophe-storybook@1.0.0~prestorybook: no script for prestorybook, continuing
7 info lifecycle apostrophe-storybook@1.0.0~storybook: apostrophe-storybook@1.0.0
8 verbose lifecycle apostrophe-storybook@1.0.0~storybook: unsafe-perm in lifecycle true
9 verbose lifecycle apostrophe-storybook@1.0.0~storybook: PATH: /usr/local/Cellar/nvm/0.33.2/versions/node/v6.10.3/lib/node_modules/npm/bin/node-gyp-bin:/Users/austinstarin/github/apostrophe-storybook/node_modules/.bin:/usr/local/Cellar/nvm/0.33.2/versions/node/v6.10.3/bin:/Users/austinstarin/.mongodb/versions/mongodb-current/bin:/usr/local/opt/nvm/versions/node/v6.10.3/bin:/Users/austinstarin/bin:/usr/local/share/npm/bin:/opt/pktools/bin:/usr/local/bin:/usr/bin:/bin:/usr/sbin:/sbin
10 verbose lifecycle apostrophe-storybook@1.0.0~storybook: CWD: /Users/austinstarin/github/apostrophe-storybook
11 silly lifecycle apostrophe-storybook@1.0.0~storybook: Args: [ '-c', 'start-storybook -p 9001 -c .storybook' ]
12 silly lifecycle apostrophe-storybook@1.0.0~storybook: Returned: code: 1  signal: null
13 info lifecycle apostrophe-storybook@1.0.0~storybook: Failed to exec storybook script
14 verbose stack Error: apostrophe-storybook@1.0.0 storybook: `start-storybook -p 9001 -c .storybook`
14 verbose stack Exit status 1
14 verbose stack     at EventEmitter.<anonymous> (/usr/local/Cellar/nvm/0.33.2/versions/node/v6.10.3/lib/node_modules/npm/lib/utils/lifecycle.js:255:16)
14 verbose stack     at emitTwo (events.js:106:13)
14 verbose stack     at EventEmitter.emit (events.js:191:7)
14 verbose stack     at ChildProcess.<anonymous> (/usr/local/Cellar/nvm/0.33.2/versions/node/v6.10.3/lib/node_modules/npm/lib/utils/spawn.js:40:14)
14 verbose stack     at emitTwo (events.js:106:13)
14 verbose stack     at ChildProcess.emit (events.js:191:7)
14 verbose stack     at maybeClose (internal/child_process.js:886:16)
14 verbose stack     at Process.ChildProcess._handle.onexit (internal/child_process.js:226:5)
15 verbose pkgid apostrophe-storybook@1.0.0
16 verbose cwd /Users/austinstarin/github/apostrophe-storybook
17 error Darwin 17.7.0
18 error argv "/usr/local/Cellar/nvm/0.33.2/versions/node/v6.10.3/bin/node" "/usr/local/opt/nvm/versions/node/v6.10.3/bin/npm" "run" "storybook"
19 error node v6.10.3
20 error npm  v3.10.10
21 error code ELIFECYCLE
22 error apostrophe-storybook@1.0.0 storybook: `start-storybook -p 9001 -c .storybook`
22 error Exit status 1
23 error Failed at the apostrophe-storybook@1.0.0 storybook script 'start-storybook -p 9001 -c .storybook'.
23 error Make sure you have the latest version of node.js and npm installed.
23 error If you do, this is most likely a problem with the apostrophe-storybook package,
23 error not with npm itself.
23 error Tell the author that this fails on your system:
23 error     start-storybook -p 9001 -c .storybook
23 error You can get information on how to open an issue for this project with:
23 error     npm bugs apostrophe-storybook
23 error Or if that isn't available, you can get their info via:
23 error     npm owner ls apostrophe-storybook
23 error There is likely additional logging output above.
24 verbose exit [ 1, true ]
